[ 2017-02-13T16:22:38+08:00 ] ::1 /project/index.php/Admin/Login/login/
ERR: SQLSTATE[HY000] [1049] Unknown database 'gz14'

[ 2017-02-13T16:23:01+08:00 ] ::1 /project/index.php/Admin/Login/login/
ERR: SQLSTATE[HY000] [1049] Unknown database 'auser'

[ 2017-02-13T16:23:56+08:00 ] ::1 /project/index.php/Admin/Login/login/
ERR: SQLSTATE[HY000] [1049] Unknown database 'auser'

[ 2017-02-13T16:24:21+08:00 ] ::1 /project/index.php/Admin/Login/login/
ERR: SQLSTATE[HY000] [1049] Unknown database 'auser'

[ 2017-02-13T16:25:42+08:00 ] ::1 /project/index.php/Admin/Login/login/
ERR: SQLSTATE[HY000] [1049] Unknown database 'auser'

[ 2017-02-13T16:37:38+08:00 ] ::1 /project/Admin/User/add
ERR: 1146:Table 'lanou.lo_user' doesn't exist
 [ SQL语句 ] : SHOW COLUMNS FROM `lo_user`

[ 2017-02-13T16:38:27+08:00 ] ::1 /project/Admin/User/index.html
ERR: Think\Model:getAll方法不存在！

[ 2017-02-13T16:39:01+08:00 ] ::1 /project/Admin/User/index.html
ERR: Think\Model:getAll方法不存在！

[ 2017-02-13T16:39:04+08:00 ] ::1 /project/Admin/User/index.html
ERR: Think\Model:getAll方法不存在！

[ 2017-02-13T16:39:09+08:00 ] ::1 /project/Admin/User/index.html
ERR: Think\Model:getAll方法不存在！

[ 2017-02-13T16:40:44+08:00 ] ::1 /project/Admin/User/index.html
ERR: Think\Model:getAll方法不存在！

[ 2017-02-13T16:40:45+08:00 ] ::1 /project/Admin/User/index.html
ERR: Think\Model:getAll方法不存在！

[ 2017-02-13T16:42:17+08:00 ] ::1 /project/Admin/User/index.html
ERR: Think\Model:getAll方法不存在！

[ 2017-02-13T18:56:10+08:00 ] ::1 /project/Admin/User/sendMail/id/1
ERR: 1146:Table 'lanou.lo_user' doesn't exist
 [ SQL语句 ] : SHOW COLUMNS FROM `lo_user`

