[ 2016-08-08T13:55:52+08:00 ] 192.168.12.254 /gz16/think04/
INFO: [ app_init ] --START--
INFO: Run Behavior\BuildLiteBehavior [ RunTime:0.000000s ]
INFO: [ app_init ] --END-- [ RunTime:0.013502s ]
INFO: [ app_begin ] --START--
INFO: Run Behavior\ReadHtmlCacheBehavior [ RunTime:0.001500s ]
INFO: [ app_begin ] --END-- [ RunTime:0.001500s ]
INFO: [ view_parse ] --START--
INFO: [ template_filter ] --START--
INFO: Run Behavior\ContentReplaceBehavior [ RunTime:0.000000s ]
INFO: [ template_filter ] --END-- [ RunTime:0.000500s ]
INFO: Run Behavior\ParseTemplateBehavior [ RunTime:0.040005s ]
INFO: [ view_parse ] --END-- [ RunTime:0.040005s ]
INFO: [ view_filter ] --START--
INFO: Run Behavior\WriteHtmlCacheBehavior [ RunTime:0.001000s ]
INFO: [ view_filter ] --END-- [ RunTime:0.001000s ]
INFO: [ app_end ] --START--
INFO: Run Behavior\ShowPageTraceBehavior [ RunTime:0.014002s ]
INFO: [ app_end ] --END-- [ RunTime:0.014002s ]

[ 2016-08-08T15:09:15+08:00 ] 192.168.12.26 /gz16/think04/Home/User/index
ERR: 无法加载控制器:User

[ 2016-08-08T15:09:27+08:00 ] 192.168.12.26 /gz16/think04/Home/User/add
ERR: 无法加载控制器:User

[ 2016-08-08T15:09:34+08:00 ] 192.168.12.26 /gz16/think04/index.php/Home/User/add
ERR: 无法加载控制器:User

[ 2016-08-08T15:09:52+08:00 ] 192.168.12.26 /gz16/think04/index.php/Home/User/index
ERR: 无法加载控制器:User

[ 2016-08-08T15:10:13+08:00 ] 192.168.12.26 /gz16/think04/index.php/Home/User/index
ERR: 无法加载控制器:User

