[ 2017-02-14T10:43:57+08:00 ] ::1 /2lanou/project/Home/Content/index.html
ERR: 无法加载控制器:Content

[ 2017-02-14T10:45:08+08:00 ] ::1 /2lanou/project/Home/Content/index.html
ERR: 无法加载控制器:Content

[ 2017-02-14T10:45:13+08:00 ] ::1 /2lanou/project/Home/Content/index.html
ERR: 无法加载控制器:Content

[ 2017-02-14T10:45:56+08:00 ] ::1 /2lanou/project/Home/Content/index.html
ERR: 模板不存在:./App/Home/View/Content/index.html

[ 2017-02-14T10:46:22+08:00 ] ::1 /2lanou/project/Home/Content/css/bootstrap.min.css
ERR: 非法操作:css

[ 2017-02-14T10:46:22+08:00 ] ::1 /2lanou/project/Home/Content/css/style.css
ERR: 非法操作:css

[ 2017-02-14T10:46:22+08:00 ] ::1 /2lanou/project/Home/Content/css/bootstrap-responsive.min.css
ERR: 非法操作:css

[ 2017-02-14T10:46:22+08:00 ] ::1 /2lanou/project/Home/Content/js/jquery-1.8.3.min.js
ERR: 非法操作:js

[ 2017-02-14T10:46:22+08:00 ] ::1 /2lanou/project/Home/Content/js/bootstrap.min.js
ERR: 非法操作:js

[ 2017-02-14T10:47:22+08:00 ] ::1 /2lanou/project/Home/Content/css/bootstrap-responsive.min.css
ERR: 非法操作:css

[ 2017-02-14T10:47:22+08:00 ] ::1 /2lanou/project/Home/Content/=/2lanou/project/Public/js/jquery-1.8.3.min.js
ERR: 非法操作:=

[ 2017-02-14T10:48:36+08:00 ] ::1 /2lanou/project/Home/Content/css/bootstrap-responsive.min.css
ERR: 非法操作:css

[ 2017-02-14T10:48:36+08:00 ] ::1 /2lanou/project/Home/Content/=/2lanou/project/Public/js/jquery-1.8.3.min.js
ERR: 非法操作:=

[ 2017-02-14T10:49:37+08:00 ] ::1 /2lanou/project/Home/Content/css/bootstrap-responsive.min.css
ERR: 非法操作:css

[ 2017-02-14T10:49:37+08:00 ] ::1 /2lanou/project/Home/Content/=/2lanou/project/Public/js/jquery-1.8.3.min.js
ERR: 非法操作:=

[ 2017-02-14T10:49:49+08:00 ] ::1 /2lanou/project/Home/Content/css/bootstrap-responsive.min.css
ERR: 非法操作:css

[ 2017-02-14T10:49:49+08:00 ] ::1 /2lanou/project/Home/Content/=/2lanou/project/Public/js/jquery-1.8.3.min.js
ERR: 非法操作:=

[ 2017-02-14T10:56:24+08:00 ] ::1 /2lanou/project/Home/Content/css/bootstrap-responsive.min.css
ERR: 非法操作:css

[ 2017-02-14T10:56:24+08:00 ] ::1 /2lanou/project/Home/Content/=/2lanou/project/Public/js/jquery-1.8.3.min.js
ERR: 非法操作:=

[ 2017-02-14T13:45:54+08:00 ] ::1 /2lanou/project/Home/Content/=/2lanou/project/Public/js/jquery-1.8.3.min.js
ERR: 非法操作:=

[ 2017-02-14T13:45:54+08:00 ] ::1 /2lanou/project/Home/Content/css/bootstrap-responsive.min.css
ERR: 非法操作:css

